<?xml version="1.0" encoding="UTF-8"?>
<!-- Generated by org.testng.reporters.JUnitReportReporter -->
<testsuite skipped="0" hostname="DESKTOP-0FSG9OD" name="testAutomation.restAPITestingAutomation.GetMethod" tests="1" failures="0" timestamp="17 Mar 2020 17:05:20 GMT" time="12.686" errors="0">
  <testcase name="getRequest" time="12.686" classname="testAutomation.restAPITestingAutomation.GetMethod"/>
</testsuite> <!-- testAutomation.restAPITestingAutomation.GetMethod -->
