<?xml version="1.0" encoding="UTF-8"?>
<!-- Generated by org.testng.reporters.JUnitReportReporter -->
<testsuite skipped="0" hostname="DESKTOP-0FSG9OD" name="testAutomation.restAPITestingAutomation.TestMethods" tests="5" failures="0" timestamp="05 May 2022 18:10:20 GMT" time="22.895" errors="0">
  <testcase name="tc1_fullName" time="9.282" classname="testAutomation.restAPITestingAutomation.TestMethods"/>
  <testcase name="tc4_PartialNamewithOneCharacter" time="7.063" classname="testAutomation.restAPITestingAutomation.TestMethods"/>
  <testcase name="tc5_InvalidName" time="2.169" classname="testAutomation.restAPITestingAutomation.TestMethods"/>
  <testcase name="tc3_PartialNamewithTwoCharacters" time="2.374" classname="testAutomation.restAPITestingAutomation.TestMethods"/>
  <testcase name="tc2_PartialName" time="2.007" classname="testAutomation.restAPITestingAutomation.TestMethods"/>
</testsuite> <!-- testAutomation.restAPITestingAutomation.TestMethods -->
