<?xml version="1.0" encoding="UTF-8"?>
<!-- Generated by org.testng.reporters.JUnitReportReporter -->
<testsuite skipped="0" hostname="DESKTOP-0FSG9OD" name="testAutomation.restAPITestingAutomation.GetRequest1" tests="1" failures="0" timestamp="27 Aug 2020 19:41:20 GMT" time="7.246" errors="0">
  <testcase name="getRequest" time="7.246" classname="testAutomation.restAPITestingAutomation.GetRequest1"/>
</testsuite> <!-- testAutomation.restAPITestingAutomation.GetRequest1 -->
