<?xml version="1.0" encoding="UTF-8"?>
<!-- Generated by org.testng.reporters.JUnitReportReporter -->
<testsuite skipped="0" hostname="WKWIN5337880" name="testAutomation.restAPITestingAutomation.PutMethod" tests="1" failures="0" timestamp="17 Dec 2019 16:33:26 GMT" time="5.583" errors="0">
  <testcase name="putRequest" time="5.583" classname="testAutomation.restAPITestingAutomation.PutMethod"/>
</testsuite> <!-- testAutomation.restAPITestingAutomation.PutMethod -->
