<?xml version="1.0" encoding="UTF-8"?>
<!-- Generated by org.testng.reporters.JUnitReportReporter -->
<testsuite skipped="0" hostname="DESKTOP-0FSG9OD" name="testAutomation.restAPITestingAutomation.PostMethod" tests="1" failures="0" timestamp="26 May 2020 16:32:28 GMT" time="12.777" errors="0">
  <testcase name="postRequest" time="12.777" classname="testAutomation.restAPITestingAutomation.PostMethod"/>
</testsuite> <!-- testAutomation.restAPITestingAutomation.PostMethod -->
