<?xml version="1.0" encoding="UTF-8"?>
<!-- Generated by org.testng.reporters.JUnitReportReporter -->
<testsuite skipped="0" hostname="WKWIN5337880" name="testAutomation.restAPITestingAutomation.DeleteMethod" tests="1" failures="0" timestamp="17 Dec 2019 16:36:32 GMT" time="3.360" errors="0">
  <testcase name="deleteRequest" time="3.360" classname="testAutomation.restAPITestingAutomation.DeleteMethod"/>
</testsuite> <!-- testAutomation.restAPITestingAutomation.DeleteMethod -->
